Build started 3/1/2015 4:03:50 PM.
     1>Project "C:\Users\Rachel Rudolph\Documents\Fund. of Algorithms\Project_3\Project 3\Project 3.vcxproj" on node 2 (Build target(s)).
     1>ClCompile:
         C:\Program Files (x86)\Microsoft Visual Studio 12.0\VC\bin\CL.exe /c /ZI /nologo /W3 /WX- /sdl /Od /Oy- /D _MBCS /Gm /EHsc /RTC1 /MDd /GS /fp:precise /Zc:wchar_t /Zc:forScope /Fo"Debug\\" /Fd"Debug\vc120.pdb" /Gd /TP /analyze- /errorReport:prompt Board.cpp Main.cpp
         Main.cpp
         Board.cpp
     1>c:\users\rachel rudolph\documents\fund. of algorithms\project_3\project 3\board.cpp(59): warning C4018: '<=' : signed/unsigned mismatch
         Generating Code...
       Link:
         C:\Program Files (x86)\Microsoft Visual Studio 12.0\VC\bin\link.exe /ERRORREPORT:PROMPT /OUT:"C:\Users\Rachel Rudolph\Documents\Fund. of Algorithms\Project_3\Debug\Project 3.exe" /INCREMENTAL /NOLOGO kernel32.lib user32.lib gdi32.lib winspool.lib comdlg32.lib advapi32.lib shell32.lib ole32.lib oleaut32.lib uuid.lib odbc32.lib odbccp32.lib /MANIFEST /MANIFESTUAC:"level='asInvoker' uiAccess='false'" /manifest:embed /DEBUG /PDB:"C:\Users\Rachel Rudolph\Documents\Fund. of Algorithms\Project_3\Debug\Project 3.pdb" /TLBID:1 /DYNAMICBASE /NXCOMPAT /IMPLIB:"C:\Users\Rachel Rudolph\Documents\Fund. of Algorithms\Project_3\Debug\Project 3.lib" /MACHINE:X86 Debug\Board.obj
         Debug\Main.obj
     1>Main.obj : error LNK2019: unresolved external symbol "public: bool __thiscall board::checkSolved(class board)" (?checkSolved@board@@QAE_NV1@@Z) referenced in function _main
     1>C:\Users\Rachel Rudolph\Documents\Fund. of Algorithms\Project_3\Debug\Project 3.exe : fatal error LNK1120: 1 unresolved externals
     1>Done Building Project "C:\Users\Rachel Rudolph\Documents\Fund. of Algorithms\Project_3\Project 3\Project 3.vcxproj" (Build target(s)) -- FAILED.

Build FAILED.

Time Elapsed 00:00:05.13
